<?xml version="1.0" encoding="UTF-8"?>
<testng-results skipped="0" failed="0" total="2" passed="2">
  <reporter-output>
  </reporter-output>
  <suite name="Default suite" duration-ms="26413" started-at="2018-10-31T07:15:17Z" finished-at="2018-10-31T07:15:43Z">
    <groups>
    </groups>
    <test name="Default test" duration-ms="26413" started-at="2018-10-31T07:15:17Z" finished-at="2018-10-31T07:15:43Z">
      <class name="com.qa.test.RegpageTest">
        <test-method status="PASS" signature="setUp()[pri:0, instance:com.qa.test.RegpageTest@1b1473ab]" name="setUp" is-config="true" duration-ms="11401" started-at="2018-10-31T12:45:17Z" finished-at="2018-10-31T12:45:28Z">
          <reporter-output>
          </reporter-output>
        </test-method> <!-- setUp -->
        <test-method status="PASS" signature="verifyResgisterPageTitleTest()[pri:0, instance:com.qa.test.RegpageTest@1b1473ab]" name="verifyResgisterPageTitleTest" duration-ms="37" started-at="2018-10-31T12:45:28Z" finished-at="2018-10-31T12:45:28Z">
          <reporter-output>
          </reporter-output>
        </test-method> <!-- verifyResgisterPageTitleTest -->
        <test-method status="PASS" signature="setUp()[pri:0, instance:com.qa.test.RegpageTest@1b1473ab]" name="setUp" is-config="true" duration-ms="11925" started-at="2018-10-31T12:45:29Z" finished-at="2018-10-31T12:45:41Z">
          <reporter-output>
          </reporter-output>
        </test-method> <!-- setUp -->
        <test-method status="PASS" signature="validateCreateNewReg(java.lang.String, java.lang.String, java.lang.String, java.lang.String, java.lang.String, java.lang.String, java.lang.String, java.lang.String, java.lang.String, java.lang.String, java.lang.String, java.lang.String, java.lang.String, java.lang.String, java.lang.String, java.lang.String, java.lang.String)[pri:0, instance:com.qa.test.RegpageTest@1b1473ab]" name="validateCreateNewReg" duration-ms="2022" started-at="2018-10-31T12:45:41Z" data-provider="getATTestData" finished-at="2018-10-31T12:45:43Z">
          <params>
            <param index="0">
              <value>
                <![CDATA[A]]>
              </value>
            </param>
            <param index="1">
              <value>
                <![CDATA[B]]>
              </value>
            </param>
            <param index="2">
              <value>
                <![CDATA[PML]]>
              </value>
            </param>
            <param index="3">
              <value>
                <![CDATA[as@gmail.com]]>
              </value>
            </param>
            <param index="4">
              <value>
                <![CDATA[9551239551]]>
              </value>
            </param>
            <param index="5">
              <value>
                <![CDATA[Male]]>
              </value>
            </param>
            <param index="6">
              <value>
                <![CDATA[Cricket]]>
              </value>
            </param>
            <param index="7">
              <value>
                <![CDATA[English]]>
              </value>
            </param>
            <param index="8">
              <value>
                <![CDATA[C]]>
              </value>
            </param>
            <param index="9">
              <value>
                <![CDATA[India]]>
              </value>
            </param>
            <param index="10">
              <value>
                <![CDATA[India]]>
              </value>
            </param>
            <param index="11">
              <value>
                <![CDATA[1985]]>
              </value>
            </param>
            <param index="12">
              <value>
                <![CDATA[May]]>
              </value>
            </param>
            <param index="13">
              <value>
                <![CDATA[1]]>
              </value>
            </param>
            <param index="14">
              <value>
                <![CDATA[Aa123456]]>
              </value>
            </param>
            <param index="15">
              <value>
                <![CDATA[Aa123456]]>
              </value>
            </param>
            <param index="16">
              <value>
                <![CDATA[C:/Users/lenovo/Downloads/error.jpg]]>
              </value>
            </param>
          </params>
          <reporter-output>
          </reporter-output>
        </test-method> <!-- validateCreateNewReg -->
      </class> <!-- com.qa.test.RegpageTest -->
    </test> <!-- Default test -->
  </suite> <!-- Default suite -->
</testng-results>
